<?xml version="1.0" encoding="UTF-8"?>
<!-- Generated by org.testng.reporters.JUnitReportReporter -->
<testsuite hostname="DELL" failures="0" tests="3" name="Casestudy.TestNG" time="27.726" errors="0" timestamp="20 Oct 2022 10:41:11 GMT">
  <testcase classname="Casestudy.TestNG" name="testcase1" time="3.184"/>
  <testcase classname="Casestudy.TestNG" name="testcase2" time="0.505"/>
  <testcase classname="Casestudy.TestNG" name="testcase3" time="24.037"/>
</testsuite> <!-- Casestudy.TestNG -->
